<?xml version="1.0" encoding="UTF-8"?>
<testng-results ignored="0" total="1" passed="1" failed="0" skipped="0">
  <reporter-output>
  </reporter-output>
  <suite started-at="2024-03-17T19:01:25 IST" name="Default suite" finished-at="2024-03-17T19:02:33 IST" duration-ms="67766">
    <groups>
    </groups>
    <test started-at="2024-03-17T19:01:25 IST" name="Default test" finished-at="2024-03-17T19:02:33 IST" duration-ms="67766">
      <class name="com.QATest.selenium.Test2Copy">
        <test-method is-config="true" signature="initDriver()[pri:0, instance:com.QATest.selenium.Test2Copy@72cc7e6f]" started-at="2024-03-17T19:01:25 IST" name="initDriver" finished-at="2024-03-17T19:01:45 IST" duration-ms="20003" status="PASS">
          <reporter-output>
          </reporter-output>
        </test-method> <!-- initDriver -->
        <test-method signature="Login()[pri:0, instance:com.QATest.selenium.Test2Copy@72cc7e6f]" started-at="2024-03-17T19:01:45 IST" name="Login" finished-at="2024-03-17T19:02:33 IST" duration-ms="47717" status="PASS">
          <reporter-output>
          </reporter-output>
        </test-method> <!-- Login -->
        <test-method is-config="true" signature="tearDown()[pri:0, instance:com.QATest.selenium.Test2Copy@72cc7e6f]" started-at="2024-03-17T19:02:33 IST" name="tearDown" finished-at="2024-03-17T19:02:33 IST" duration-ms="0" status="PASS">
          <reporter-output>
          </reporter-output>
        </test-method> <!-- tearDown -->
      </class> <!-- com.QATest.selenium.Test2Copy -->
    </test> <!-- Default test -->
  </suite> <!-- Default suite -->
</testng-results>
